{"C:\\Users\\10670393\\Desktop\\user-management\\src\\App.js": {"path":"C:\\Users\\10670393\\Desktop\\user-management\\src\\App.js","statementMap":{"0":{"start":{"line":9,"column":2},"end":{"line":18,"column":4}}},"fnMap":{"0":{"name":"App","decl":{"start":{"line":8,"column":9},"end":{"line":8,"column":12}},"loc":{"start":{"line":8,"column":15},"end":{"line":19,"column":1}},"line":8}},"branchMap":{},"s":{"0":2},"f":{"0":2},"b":{},"_coverageSchema":"43e27e138ebf9cfc5966b082cf9a028302ed4184","hash":"915ff55654a77aa545451bf9176c02c06eb30f50"}
,"C:\\Users\\10670393\\Desktop\\user-management\\src\\index.js": {"path":"C:\\Users\\10670393\\Desktop\\user-management\\src\\index.js","statementMap":{"0":{"start":{"line":11,"column":14},"end":{"line":11,"column":35}},"1":{"start":{"line":12,"column":0},"end":{"line":19,"column":2}},"2":{"start":{"line":24,"column":0},"end":{"line":24,"column":27}}},"fnMap":{},"branchMap":{},"s":{"0":0,"1":0,"2":0},"f":{},"b":{},"hash":"029db2ca9baa80a21f46420f60ba5b660f3c2f62"}
,"C:\\Users\\10670393\\Desktop\\user-management\\src\\serviceWorker.js": {"path":"C:\\Users\\10670393\\Desktop\\user-management\\src\\serviceWorker.js","statementMap":{"0":{"start":{"line":13,"column":20},"end":{"line":21,"column":1}},"1":{"start":{"line":24,"column":2},"end":{"line":54,"column":3}},"2":{"start":{"line":26,"column":22},"end":{"line":26,"column":75}},"3":{"start":{"line":27,"column":4},"end":{"line":32,"column":5}},"4":{"start":{"line":31,"column":6},"end":{"line":31,"column":13}},"5":{"start":{"line":34,"column":4},"end":{"line":53,"column":7}},"6":{"start":{"line":35,"column":20},"end":{"line":35,"column":65}},"7":{"start":{"line":37,"column":6},"end":{"line":52,"column":7}},"8":{"start":{"line":39,"column":8},"end":{"line":39,"column":47}},"9":{"start":{"line":43,"column":8},"end":{"line":48,"column":11}},"10":{"start":{"line":44,"column":10},"end":{"line":47,"column":12}},"11":{"start":{"line":51,"column":8},"end":{"line":51,"column":39}},"12":{"start":{"line":58,"column":2},"end":{"line":98,"column":7}},"13":{"start":{"line":61,"column":6},"end":{"line":94,"column":8}},"14":{"start":{"line":62,"column":33},"end":{"line":62,"column":56}},"15":{"start":{"line":63,"column":8},"end":{"line":65,"column":9}},"16":{"start":{"line":64,"column":10},"end":{"line":64,"column":17}},"17":{"start":{"line":66,"column":8},"end":{"line":93,"column":10}},"18":{"start":{"line":67,"column":10},"end":{"line":92,"column":11}},"19":{"start":{"line":68,"column":12},"end":{"line":91,"column":13}},"20":{"start":{"line":72,"column":14},"end":{"line":75,"column":16}},"21":{"start":{"line":78,"column":14},"end":{"line":80,"column":15}},"22":{"start":{"line":79,"column":16},"end":{"line":79,"column":46}},"23":{"start":{"line":85,"column":14},"end":{"line":85,"column":64}},"24":{"start":{"line":88,"column":14},"end":{"line":90,"column":15}},"25":{"start":{"line":89,"column":16},"end":{"line":89,"column":47}},"26":{"start":{"line":97,"column":6},"end":{"line":97,"column":72}},"27":{"start":{"line":103,"column":2},"end":{"line":128,"column":7}},"28":{"start":{"line":108,"column":26},"end":{"line":108,"column":62}},"29":{"start":{"line":109,"column":6},"end":{"line":122,"column":7}},"30":{"start":{"line":114,"column":8},"end":{"line":118,"column":11}},"31":{"start":{"line":115,"column":10},"end":{"line":117,"column":13}},"32":{"start":{"line":116,"column":12},"end":{"line":116,"column":37}},"33":{"start":{"line":121,"column":8},"end":{"line":121,"column":39}},"34":{"start":{"line":125,"column":6},"end":{"line":127,"column":8}},"35":{"start":{"line":132,"column":2},"end":{"line":140,"column":3}},"36":{"start":{"line":133,"column":4},"end":{"line":139,"column":9}},"37":{"start":{"line":135,"column":8},"end":{"line":135,"column":34}},"38":{"start":{"line":138,"column":8},"end":{"line":138,"column":37}}},"fnMap":{"0":{"name":"register","decl":{"start":{"line":23,"column":16},"end":{"line":23,"column":24}},"loc":{"start":{"line":23,"column":33},"end":{"line":55,"column":1}},"line":23},"1":{"name":"(anonymous_1)","decl":{"start":{"line":34,"column":36},"end":{"line":34,"column":37}},"loc":{"start":{"line":34,"column":42},"end":{"line":53,"column":5}},"line":34},"2":{"name":"(anonymous_2)","decl":{"start":{"line":43,"column":43},"end":{"line":43,"column":44}},"loc":{"start":{"line":43,"column":49},"end":{"line":48,"column":9}},"line":43},"3":{"name":"registerValidSW","decl":{"start":{"line":57,"column":9},"end":{"line":57,"column":24}},"loc":{"start":{"line":57,"column":40},"end":{"line":99,"column":1}},"line":57},"4":{"name":"(anonymous_4)","decl":{"start":{"line":60,"column":10},"end":{"line":60,"column":11}},"loc":{"start":{"line":60,"column":26},"end":{"line":95,"column":5}},"line":60},"5":{"name":"(anonymous_5)","decl":{"start":{"line":61,"column":35},"end":{"line":61,"column":36}},"loc":{"start":{"line":61,"column":41},"end":{"line":94,"column":7}},"line":61},"6":{"name":"(anonymous_6)","decl":{"start":{"line":66,"column":41},"end":{"line":66,"column":42}},"loc":{"start":{"line":66,"column":47},"end":{"line":93,"column":9}},"line":66},"7":{"name":"(anonymous_7)","decl":{"start":{"line":96,"column":11},"end":{"line":96,"column":12}},"loc":{"start":{"line":96,"column":20},"end":{"line":98,"column":5}},"line":96},"8":{"name":"checkValidServiceWorker","decl":{"start":{"line":101,"column":9},"end":{"line":101,"column":32}},"loc":{"start":{"line":101,"column":48},"end":{"line":129,"column":1}},"line":101},"9":{"name":"(anonymous_9)","decl":{"start":{"line":106,"column":10},"end":{"line":106,"column":11}},"loc":{"start":{"line":106,"column":22},"end":{"line":123,"column":5}},"line":106},"10":{"name":"(anonymous_10)","decl":{"start":{"line":114,"column":43},"end":{"line":114,"column":44}},"loc":{"start":{"line":114,"column":59},"end":{"line":118,"column":9}},"line":114},"11":{"name":"(anonymous_11)","decl":{"start":{"line":115,"column":41},"end":{"line":115,"column":42}},"loc":{"start":{"line":115,"column":47},"end":{"line":117,"column":11}},"line":115},"12":{"name":"(anonymous_12)","decl":{"start":{"line":124,"column":11},"end":{"line":124,"column":12}},"loc":{"start":{"line":124,"column":17},"end":{"line":128,"column":5}},"line":124},"13":{"name":"unregister","decl":{"start":{"line":131,"column":16},"end":{"line":131,"column":26}},"loc":{"start":{"line":131,"column":29},"end":{"line":141,"column":1}},"line":131},"14":{"name":"(anonymous_14)","decl":{"start":{"line":134,"column":12},"end":{"line":134,"column":13}},"loc":{"start":{"line":134,"column":28},"end":{"line":136,"column":7}},"line":134},"15":{"name":"(anonymous_15)","decl":{"start":{"line":137,"column":13},"end":{"line":137,"column":14}},"loc":{"start":{"line":137,"column":22},"end":{"line":139,"column":7}},"line":137}},"branchMap":{"0":{"loc":{"start":{"line":14,"column":2},"end":{"line":20,"column":5}},"type":"binary-expr","locations":[{"start":{"line":14,"column":2},"end":{"line":14,"column":42}},{"start":{"line":16,"column":4},"end":{"line":16,"column":40}},{"start":{"line":18,"column":4},"end":{"line":20,"column":5}}],"line":14},"1":{"loc":{"start":{"line":24,"column":2},"end":{"line":54,"column":3}},"type":"if","locations":[{"start":{"line":24,"column":2},"end":{"line":54,"column":3}},{"start":{"line":24,"column":2},"end":{"line":54,"column":3}}],"line":24},"2":{"loc":{"start":{"line":24,"column":6},"end":{"line":24,"column":75}},"type":"binary-expr","locations":[{"start":{"line":24,"column":6},"end":{"line":24,"column":43}},{"start":{"line":24,"column":47},"end":{"line":24,"column":75}}],"line":24},"3":{"loc":{"start":{"line":27,"column":4},"end":{"line":32,"column":5}},"type":"if","locations":[{"start":{"line":27,"column":4},"end":{"line":32,"column":5}},{"start":{"line":27,"column":4},"end":{"line":32,"column":5}}],"line":27},"4":{"loc":{"start":{"line":37,"column":6},"end":{"line":52,"column":7}},"type":"if","locations":[{"start":{"line":37,"column":6},"end":{"line":52,"column":7}},{"start":{"line":37,"column":6},"end":{"line":52,"column":7}}],"line":37},"5":{"loc":{"start":{"line":63,"column":8},"end":{"line":65,"column":9}},"type":"if","locations":[{"start":{"line":63,"column":8},"end":{"line":65,"column":9}},{"start":{"line":63,"column":8},"end":{"line":65,"column":9}}],"line":63},"6":{"loc":{"start":{"line":67,"column":10},"end":{"line":92,"column":11}},"type":"if","locations":[{"start":{"line":67,"column":10},"end":{"line":92,"column":11}},{"start":{"line":67,"column":10},"end":{"line":92,"column":11}}],"line":67},"7":{"loc":{"start":{"line":68,"column":12},"end":{"line":91,"column":13}},"type":"if","locations":[{"start":{"line":68,"column":12},"end":{"line":91,"column":13}},{"start":{"line":68,"column":12},"end":{"line":91,"column":13}}],"line":68},"8":{"loc":{"start":{"line":78,"column":14},"end":{"line":80,"column":15}},"type":"if","locations":[{"start":{"line":78,"column":14},"end":{"line":80,"column":15}},{"start":{"line":78,"column":14},"end":{"line":80,"column":15}}],"line":78},"9":{"loc":{"start":{"line":78,"column":18},"end":{"line":78,"column":43}},"type":"binary-expr","locations":[{"start":{"line":78,"column":18},"end":{"line":78,"column":24}},{"start":{"line":78,"column":28},"end":{"line":78,"column":43}}],"line":78},"10":{"loc":{"start":{"line":88,"column":14},"end":{"line":90,"column":15}},"type":"if","locations":[{"start":{"line":88,"column":14},"end":{"line":90,"column":15}},{"start":{"line":88,"column":14},"end":{"line":90,"column":15}}],"line":88},"11":{"loc":{"start":{"line":88,"column":18},"end":{"line":88,"column":44}},"type":"binary-expr","locations":[{"start":{"line":88,"column":18},"end":{"line":88,"column":24}},{"start":{"line":88,"column":28},"end":{"line":88,"column":44}}],"line":88},"12":{"loc":{"start":{"line":109,"column":6},"end":{"line":122,"column":7}},"type":"if","locations":[{"start":{"line":109,"column":6},"end":{"line":122,"column":7}},{"start":{"line":109,"column":6},"end":{"line":122,"column":7}}],"line":109},"13":{"loc":{"start":{"line":110,"column":8},"end":{"line":111,"column":73}},"type":"binary-expr","locations":[{"start":{"line":110,"column":8},"end":{"line":110,"column":31}},{"start":{"line":111,"column":9},"end":{"line":111,"column":28}},{"start":{"line":111,"column":32},"end":{"line":111,"column":72}}],"line":110},"14":{"loc":{"start":{"line":132,"column":2},"end":{"line":140,"column":3}},"type":"if","locations":[{"start":{"line":132,"column":2},"end":{"line":140,"column":3}},{"start":{"line":132,"column":2},"end":{"line":140,"column":3}}],"line":132}},"s":{"0":0,"1":0,"2":0,"3":0,"4":0,"5":0,"6":0,"7":0,"8":0,"9":0,"10":0,"11":0,"12":0,"13":0,"14":0,"15":0,"16":0,"17":0,"18":0,"19":0,"20":0,"21":0,"22":0,"23":0,"24":0,"25":0,"26":0,"27":0,"28":0,"29":0,"30":0,"31":0,"32":0,"33":0,"34":0,"35":0,"36":0,"37":0,"38":0},"f":{"0":0,"1":0,"2":0,"3":0,"4":0,"5":0,"6":0,"7":0,"8":0,"9":0,"10":0,"11":0,"12":0,"13":0,"14":0,"15":0},"b":{"0":[0,0,0],"1":[0,0],"2":[0,0],"3":[0,0],"4":[0,0],"5":[0,0],"6":[0,0],"7":[0,0],"8":[0,0],"9":[0,0],"10":[0,0],"11":[0,0],"12":[0,0],"13":[0,0,0],"14":[0,0]},"hash":"357cae2453146ad1e0402e5647fb2de0fb61a5bb"}
,"C:\\Users\\10670393\\Desktop\\user-management\\src\\components\\UserCreation.js": {"path":"C:\\Users\\10670393\\Desktop\\user-management\\src\\components\\UserCreation.js","statementMap":{"0":{"start":{"line":3,"column":34},"end":{"line":9,"column":1}},"1":{"start":{"line":12,"column":40},"end":{"line":12,"column":68}},"2":{"start":{"line":13,"column":44},"end":{"line":13,"column":56}},"3":{"start":{"line":14,"column":21},"end":{"line":14,"column":34}},"4":{"start":{"line":15,"column":23},"end":{"line":30,"column":5}},"5":{"start":{"line":16,"column":43},"end":{"line":18,"column":14}},"6":{"start":{"line":17,"column":12},"end":{"line":17,"column":58}},"7":{"start":{"line":20,"column":36},"end":{"line":20,"column":77}},"8":{"start":{"line":21,"column":24},"end":{"line":21,"column":79}},"9":{"start":{"line":21,"column":60},"end":{"line":21,"column":78}},"10":{"start":{"line":22,"column":8},"end":{"line":28,"column":9}},"11":{"start":{"line":23,"column":12},"end":{"line":23,"column":90}},"12":{"start":{"line":24,"column":12},"end":{"line":24,"column":36}},"13":{"start":{"line":27,"column":12},"end":{"line":27,"column":58}},"14":{"start":{"line":31,"column":25},"end":{"line":39,"column":5}},"15":{"start":{"line":32,"column":8},"end":{"line":37,"column":11}},"16":{"start":{"line":38,"column":8},"end":{"line":38,"column":27}},"17":{"start":{"line":40,"column":4},"end":{"line":65,"column":6}},"18":{"start":{"line":47,"column":28},"end":{"line":52,"column":29}},"19":{"start":{"line":50,"column":147},"end":{"line":50,"column":179}},"20":{"start":{"line":60,"column":61},"end":{"line":60,"column":84}}},"fnMap":{"0":{"name":"UserCreation","decl":{"start":{"line":11,"column":9},"end":{"line":11,"column":21}},"loc":{"start":{"line":11,"column":29},"end":{"line":66,"column":1}},"line":11},"1":{"name":"(anonymous_1)","decl":{"start":{"line":15,"column":23},"end":{"line":15,"column":24}},"loc":{"start":{"line":15,"column":29},"end":{"line":30,"column":5}},"line":15},"2":{"name":"(anonymous_2)","decl":{"start":{"line":16,"column":61},"end":{"line":16,"column":62}},"loc":{"start":{"line":16,"column":76},"end":{"line":18,"column":9}},"line":16},"3":{"name":"(anonymous_3)","decl":{"start":{"line":21,"column":50},"end":{"line":21,"column":51}},"loc":{"start":{"line":21,"column":60},"end":{"line":21,"column":78}},"line":21},"4":{"name":"(anonymous_4)","decl":{"start":{"line":31,"column":25},"end":{"line":31,"column":26}},"loc":{"start":{"line":31,"column":49},"end":{"line":39,"column":5}},"line":31},"5":{"name":"(anonymous_5)","decl":{"start":{"line":46,"column":39},"end":{"line":46,"column":40}},"loc":{"start":{"line":46,"column":56},"end":{"line":53,"column":25}},"line":46},"6":{"name":"(anonymous_6)","decl":{"start":{"line":50,"column":136},"end":{"line":50,"column":137}},"loc":{"start":{"line":50,"column":147},"end":{"line":50,"column":179}},"line":50},"7":{"name":"(anonymous_7)","decl":{"start":{"line":60,"column":55},"end":{"line":60,"column":56}},"loc":{"start":{"line":60,"column":61},"end":{"line":60,"column":84}},"line":60}},"branchMap":{"0":{"loc":{"start":{"line":22,"column":8},"end":{"line":28,"column":9}},"type":"if","locations":[{"start":{"line":22,"column":8},"end":{"line":28,"column":9}},{"start":{"line":22,"column":8},"end":{"line":28,"column":9}}],"line":22}},"s":{"0":2,"1":4,"2":4,"3":4,"4":4,"5":0,"6":0,"7":0,"8":0,"9":0,"10":0,"11":0,"12":0,"13":0,"14":4,"15":0,"16":0,"17":4,"18":0,"19":0,"20":0},"f":{"0":4,"1":0,"2":0,"3":0,"4":0,"5":0,"6":0,"7":0},"b":{"0":[0,0]},"_coverageSchema":"43e27e138ebf9cfc5966b082cf9a028302ed4184","hash":"a138c3bc401553482586c0c8e430759a157dd346"}
,"C:\\Users\\10670393\\Desktop\\user-management\\src\\components\\UserEdit.js": {"path":"C:\\Users\\10670393\\Desktop\\user-management\\src\\components\\UserEdit.js","statementMap":{"0":{"start":{"line":4,"column":25},"end":{"line":6,"column":6}},"1":{"start":{"line":5,"column":8},"end":{"line":5,"column":49}},"2":{"start":{"line":7,"column":21},"end":{"line":7,"column":34}},"3":{"start":{"line":8,"column":4},"end":{"line":10,"column":10}},"4":{"start":{"line":9,"column":8},"end":{"line":9,"column":71}},"5":{"start":{"line":12,"column":25},"end":{"line":14,"column":5}},"6":{"start":{"line":13,"column":8},"end":{"line":13,"column":99}},"7":{"start":{"line":16,"column":23},"end":{"line":23,"column":5}},"8":{"start":{"line":18,"column":43},"end":{"line":20,"column":14}},"9":{"start":{"line":19,"column":12},"end":{"line":19,"column":58}},"10":{"start":{"line":21,"column":8},"end":{"line":21,"column":122}},"11":{"start":{"line":22,"column":8},"end":{"line":22,"column":31}},"12":{"start":{"line":24,"column":4},"end":{"line":52,"column":6}},"13":{"start":{"line":31,"column":28},"end":{"line":41,"column":29}},"14":{"start":{"line":39,"column":61},"end":{"line":39,"column":93}},"15":{"start":{"line":47,"column":61},"end":{"line":47,"column":84}}},"fnMap":{"0":{"name":"UserEdit","decl":{"start":{"line":3,"column":9},"end":{"line":3,"column":17}},"loc":{"start":{"line":3,"column":25},"end":{"line":53,"column":1}},"line":3},"1":{"name":"(anonymous_1)","decl":{"start":{"line":4,"column":37},"end":{"line":4,"column":38}},"loc":{"start":{"line":4,"column":48},"end":{"line":6,"column":5}},"line":4},"2":{"name":"(anonymous_2)","decl":{"start":{"line":8,"column":14},"end":{"line":8,"column":15}},"loc":{"start":{"line":8,"column":20},"end":{"line":10,"column":5}},"line":8},"3":{"name":"(anonymous_3)","decl":{"start":{"line":12,"column":25},"end":{"line":12,"column":26}},"loc":{"start":{"line":12,"column":49},"end":{"line":14,"column":5}},"line":12},"4":{"name":"(anonymous_4)","decl":{"start":{"line":16,"column":23},"end":{"line":16,"column":24}},"loc":{"start":{"line":16,"column":29},"end":{"line":23,"column":5}},"line":16},"5":{"name":"(anonymous_5)","decl":{"start":{"line":18,"column":63},"end":{"line":18,"column":64}},"loc":{"start":{"line":18,"column":78},"end":{"line":20,"column":9}},"line":18},"6":{"name":"(anonymous_6)","decl":{"start":{"line":30,"column":57},"end":{"line":30,"column":58}},"loc":{"start":{"line":30,"column":74},"end":{"line":42,"column":25}},"line":30},"7":{"name":"(anonymous_7)","decl":{"start":{"line":39,"column":50},"end":{"line":39,"column":51}},"loc":{"start":{"line":39,"column":61},"end":{"line":39,"column":93}},"line":39},"8":{"name":"(anonymous_8)","decl":{"start":{"line":47,"column":55},"end":{"line":47,"column":56}},"loc":{"start":{"line":47,"column":61},"end":{"line":47,"column":84}},"line":47}},"branchMap":{"0":{"loc":{"start":{"line":30,"column":24},"end":{"line":42,"column":26}},"type":"binary-expr","locations":[{"start":{"line":30,"column":24},"end":{"line":30,"column":36}},{"start":{"line":30,"column":40},"end":{"line":42,"column":26}}],"line":30}},"s":{"0":0,"1":0,"2":0,"3":0,"4":0,"5":0,"6":0,"7":0,"8":0,"9":0,"10":0,"11":0,"12":0,"13":0,"14":0,"15":0},"f":{"0":0,"1":0,"2":0,"3":0,"4":0,"5":0,"6":0,"7":0,"8":0},"b":{"0":[0,0]},"_coverageSchema":"43e27e138ebf9cfc5966b082cf9a028302ed4184","hash":"6c4137f819ae4bf4d406b1ad60b889214f97f96d"}
,"C:\\Users\\10670393\\Desktop\\user-management\\src\\components\\UserListing.js": {"path":"C:\\Users\\10670393\\Desktop\\user-management\\src\\components\\UserListing.js","statementMap":{"0":{"start":{"line":5,"column":21},"end":{"line":5,"column":34}},"1":{"start":{"line":7,"column":25},"end":{"line":9,"column":6}},"2":{"start":{"line":8,"column":8},"end":{"line":8,"column":49}},"3":{"start":{"line":11,"column":4},"end":{"line":15,"column":10}},"4":{"start":{"line":12,"column":8},"end":{"line":14,"column":9}},"5":{"start":{"line":13,"column":12},"end":{"line":13,"column":50}},"6":{"start":{"line":17,"column":27},"end":{"line":19,"column":5}},"7":{"start":{"line":18,"column":8},"end":{"line":18,"column":43}},"8":{"start":{"line":21,"column":23},"end":{"line":23,"column":5}},"9":{"start":{"line":22,"column":8},"end":{"line":22,"column":56}},"10":{"start":{"line":25,"column":21},"end":{"line":27,"column":5}},"11":{"start":{"line":26,"column":8},"end":{"line":26,"column":54}},"12":{"start":{"line":29,"column":4},"end":{"line":68,"column":6}},"13":{"start":{"line":48,"column":24},"end":{"line":62,"column":25}},"14":{"start":{"line":57,"column":63},"end":{"line":57,"column":77}},"15":{"start":{"line":59,"column":59},"end":{"line":59,"column":75}}},"fnMap":{"0":{"name":"UserListing","decl":{"start":{"line":4,"column":9},"end":{"line":4,"column":20}},"loc":{"start":{"line":4,"column":28},"end":{"line":69,"column":1}},"line":4},"1":{"name":"(anonymous_1)","decl":{"start":{"line":7,"column":37},"end":{"line":7,"column":38}},"loc":{"start":{"line":7,"column":48},"end":{"line":9,"column":5}},"line":7},"2":{"name":"(anonymous_2)","decl":{"start":{"line":11,"column":14},"end":{"line":11,"column":15}},"loc":{"start":{"line":11,"column":20},"end":{"line":15,"column":5}},"line":11},"3":{"name":"(anonymous_3)","decl":{"start":{"line":17,"column":27},"end":{"line":17,"column":28}},"loc":{"start":{"line":17,"column":33},"end":{"line":19,"column":5}},"line":17},"4":{"name":"(anonymous_4)","decl":{"start":{"line":21,"column":23},"end":{"line":21,"column":24}},"loc":{"start":{"line":21,"column":33},"end":{"line":23,"column":5}},"line":21},"5":{"name":"(anonymous_5)","decl":{"start":{"line":25,"column":21},"end":{"line":25,"column":22}},"loc":{"start":{"line":25,"column":31},"end":{"line":27,"column":5}},"line":25},"6":{"name":"(anonymous_6)","decl":{"start":{"line":47,"column":38},"end":{"line":47,"column":39}},"loc":{"start":{"line":47,"column":55},"end":{"line":63,"column":21}},"line":47},"7":{"name":"(anonymous_7)","decl":{"start":{"line":57,"column":57},"end":{"line":57,"column":58}},"loc":{"start":{"line":57,"column":63},"end":{"line":57,"column":77}},"line":57},"8":{"name":"(anonymous_8)","decl":{"start":{"line":59,"column":53},"end":{"line":59,"column":54}},"loc":{"start":{"line":59,"column":59},"end":{"line":59,"column":75}},"line":59}},"branchMap":{"0":{"loc":{"start":{"line":12,"column":8},"end":{"line":14,"column":9}},"type":"if","locations":[{"start":{"line":12,"column":8},"end":{"line":14,"column":9}},{"start":{"line":12,"column":8},"end":{"line":14,"column":9}}],"line":12},"1":{"loc":{"start":{"line":12,"column":12},"end":{"line":12,"column":66}},"type":"binary-expr","locations":[{"start":{"line":12,"column":12},"end":{"line":12,"column":37}},{"start":{"line":12,"column":41},"end":{"line":12,"column":66}}],"line":12}},"s":{"0":0,"1":0,"2":0,"3":0,"4":0,"5":0,"6":0,"7":0,"8":0,"9":0,"10":0,"11":0,"12":0,"13":0,"14":0,"15":0},"f":{"0":0,"1":0,"2":0,"3":0,"4":0,"5":0,"6":0,"7":0,"8":0},"b":{"0":[0,0],"1":[0,0]},"_coverageSchema":"43e27e138ebf9cfc5966b082cf9a028302ed4184","hash":"d4bb915d2b6d7b7efaaa6b796859a7c56e249df1"}
,"C:\\Users\\10670393\\Desktop\\user-management\\src\\components\\reducers\\UserListReducer.js": {"path":"C:\\Users\\10670393\\Desktop\\user-management\\src\\components\\reducers\\UserListReducer.js","statementMap":{"0":{"start":{"line":3,"column":20},"end":{"line":8,"column":1}},"1":{"start":{"line":9,"column":21},"end":{"line":11,"column":1}},"2":{"start":{"line":12,"column":24},"end":{"line":72,"column":1}},"3":{"start":{"line":13,"column":4},"end":{"line":71,"column":5}},"4":{"start":{"line":15,"column":33},"end":{"line":18,"column":9}},"5":{"start":{"line":21,"column":12},"end":{"line":24,"column":13}},"6":{"start":{"line":27,"column":39},"end":{"line":27,"column":111}},"7":{"start":{"line":27,"column":75},"end":{"line":27,"column":110}},"8":{"start":{"line":28,"column":12},"end":{"line":31,"column":13}},"9":{"start":{"line":34,"column":38},"end":{"line":34,"column":101}},"10":{"start":{"line":34,"column":72},"end":{"line":34,"column":100}},"11":{"start":{"line":35,"column":34},"end":{"line":37,"column":14}},"12":{"start":{"line":36,"column":16},"end":{"line":36,"column":74}},"13":{"start":{"line":38,"column":12},"end":{"line":41,"column":13}},"14":{"start":{"line":44,"column":43},"end":{"line":44,"column":57}},"15":{"start":{"line":45,"column":40},"end":{"line":50,"column":13}},"16":{"start":{"line":51,"column":12},"end":{"line":54,"column":13}},"17":{"start":{"line":57,"column":58},"end":{"line":57,"column":72}},"18":{"start":{"line":58,"column":40},"end":{"line":65,"column":14}},"19":{"start":{"line":59,"column":16},"end":{"line":64,"column":17}},"20":{"start":{"line":60,"column":20},"end":{"line":60,"column":69}},"21":{"start":{"line":63,"column":20},"end":{"line":63,"column":32}},"22":{"start":{"line":66,"column":12},"end":{"line":69,"column":13}},"23":{"start":{"line":70,"column":17},"end":{"line":70,"column":30}}},"fnMap":{"0":{"name":"(anonymous_0)","decl":{"start":{"line":12,"column":24},"end":{"line":12,"column":25}},"loc":{"start":{"line":12,"column":58},"end":{"line":72,"column":1}},"line":12},"1":{"name":"(anonymous_1)","decl":{"start":{"line":27,"column":65},"end":{"line":27,"column":66}},"loc":{"start":{"line":27,"column":75},"end":{"line":27,"column":110}},"line":27},"2":{"name":"(anonymous_2)","decl":{"start":{"line":34,"column":62},"end":{"line":34,"column":63}},"loc":{"start":{"line":34,"column":72},"end":{"line":34,"column":100}},"line":34},"3":{"name":"(anonymous_3)","decl":{"start":{"line":35,"column":57},"end":{"line":35,"column":58}},"loc":{"start":{"line":35,"column":67},"end":{"line":37,"column":13}},"line":35},"4":{"name":"(anonymous_4)","decl":{"start":{"line":58,"column":63},"end":{"line":58,"column":64}},"loc":{"start":{"line":58,"column":73},"end":{"line":65,"column":13}},"line":58}},"branchMap":{"0":{"loc":{"start":{"line":12,"column":25},"end":{"line":12,"column":45}},"type":"default-arg","locations":[{"start":{"line":12,"column":33},"end":{"line":12,"column":45}}],"line":12},"1":{"loc":{"start":{"line":13,"column":4},"end":{"line":71,"column":5}},"type":"switch","locations":[{"start":{"line":15,"column":8},"end":{"line":18,"column":9}},{"start":{"line":20,"column":8},"end":{"line":24,"column":13}},{"start":{"line":26,"column":8},"end":{"line":31,"column":13}},{"start":{"line":33,"column":8},"end":{"line":41,"column":13}},{"start":{"line":43,"column":8},"end":{"line":54,"column":13}},{"start":{"line":56,"column":8},"end":{"line":69,"column":13}},{"start":{"line":70,"column":8},"end":{"line":70,"column":30}}],"line":13},"2":{"loc":{"start":{"line":59,"column":16},"end":{"line":64,"column":17}},"type":"if","locations":[{"start":{"line":59,"column":16},"end":{"line":64,"column":17}},{"start":{"line":59,"column":16},"end":{"line":64,"column":17}}],"line":59}},"s":{"0":2,"1":2,"2":2,"3":6,"4":0,"5":0,"6":0,"7":0,"8":0,"9":0,"10":0,"11":0,"12":0,"13":0,"14":0,"15":0,"16":0,"17":0,"18":0,"19":0,"20":0,"21":0,"22":0,"23":6},"f":{"0":6,"1":0,"2":0,"3":0,"4":0},"b":{"0":[6],"1":[0,0,0,0,0,0,6],"2":[0,0]},"_coverageSchema":"43e27e138ebf9cfc5966b082cf9a028302ed4184","hash":"1a74635628198c92130b171dd519b000a4bde957"}
,"C:\\Users\\10670393\\Desktop\\user-management\\src\\components\\reducers\\index.js": {"path":"C:\\Users\\10670393\\Desktop\\user-management\\src\\components\\reducers\\index.js","statementMap":{"0":{"start":{"line":4,"column":17},"end":{"line":6,"column":2}}},"fnMap":{},"branchMap":{},"s":{"0":2},"f":{},"b":{},"_coverageSchema":"43e27e138ebf9cfc5966b082cf9a028302ed4184","hash":"1d3924d0056d5b1cc55c6c143658ec17453fcc92"}
}
